[ 2025-10-06 00:12:41,917 ] 20 root - INFO - Initiate the data ingestion
[ 2025-10-06 00:12:58,942 ] 67 root - INFO - Performed train test split on the dataframe
[ 2025-10-06 00:12:58,942 ] 68 root - INFO - Exited split_data_as_train_test method of Data_Ingestion class
[ 2025-10-06 00:12:58,942 ] 71 root - INFO - Exporting train and test file path.
[ 2025-10-06 00:12:59,121 ] 78 root - INFO - Exported train and test file path.
[ 2025-10-06 00:12:59,127 ] 22 root - INFO - Data Initiation Completed
[ 2025-10-06 00:12:59,133 ] 26 root - INFO - Initiate the data Validation
[ 2025-10-06 00:12:59,134 ] 96 root - INFO - --- Starting Data Validation ---
[ 2025-10-06 00:12:59,228 ] 104 root - INFO - Validating number of columns...
[ 2025-10-06 00:12:59,230 ] 51 root - INFO - Schema requires 17 columns.
[ 2025-10-06 00:12:59,230 ] 52 root - INFO - DataFrame has 17 columns.
[ 2025-10-06 00:12:59,230 ] 51 root - INFO - Schema requires 17 columns.
[ 2025-10-06 00:12:59,230 ] 52 root - INFO - DataFrame has 17 columns.
[ 2025-10-06 00:12:59,230 ] 64 root - INFO - Starting dataset drift detection...
[ 2025-10-06 00:12:59,280 ] 87 root - INFO - Drift detection complete. Report saved to: Artifacts\10_06_2025_00_12_39\data_validation\drift_report\report.yaml
[ 2025-10-06 00:12:59,281 ] 114 root - INFO - No significant data drift detected between train and test sets.
[ 2025-10-06 00:12:59,452 ] 132 root - INFO - Data validation artifact: DataValidationArtifact(validation_status=True, valid_train_file_path='Artifacts\\10_06_2025_00_12_39\\data_validation\\validated\\train.csv', valid_test_file_path='Artifacts\\10_06_2025_00_12_39\\data_validation\\validated\\test.csv', invalid_train_file_path=None, invalid_test_file_path=None, drift_report_file_path='Artifacts\\10_06_2025_00_12_39\\data_validation\\drift_report\\report.yaml')
[ 2025-10-06 00:12:59,453 ] 133 root - INFO - --- Data Validation Completed ---
[ 2025-10-06 00:12:59,453 ] 28 root - INFO - data Validation Completed
[ 2025-10-06 00:12:59,454 ] 31 root - INFO - data Transformation started
[ 2025-10-06 00:12:59,454 ] 105 root - INFO - Entered initiate_data_transformation method of DataTransformation class
[ 2025-10-06 00:12:59,547 ] 45 root - INFO - Applying noise filters to sensor data...
[ 2025-10-06 00:12:59,563 ] 45 root - INFO - Applying noise filters to sensor data...
[ 2025-10-06 00:12:59,563 ] 71 root - INFO - Entered get_data_transformer_object method of DataTransformation class
[ 2025-10-06 00:12:59,563 ] 91 root - INFO - Categorical columns: ['location_id', 'seismic_zone']
[ 2025-10-06 00:12:59,563 ] 92 root - INFO - Numerical columns: ['3d_surface_coord_x', '3d_surface_coord_y', '3d_surface_coord_z', 'pore_pressure_kpa', 'subsurface_displacement_mm', 'precipitation_rate_mm_hr', 'ground_acceleration_g', 'realtime_water_table_m', 'cumulative_precip_72hr', 'cumulative_precip_168hr', 'ucs_mpa', 'pga_g', 'initial_water_table_m']
