[ 2025-10-07 13:35:25,194 ] 22 root - INFO - Initiate the data ingestion
[ 2025-10-07 13:35:42,103 ] 68 root - INFO - Performed train test split on the dataframe
[ 2025-10-07 13:35:42,103 ] 69 root - INFO - Exited split_data_as_train_test method of Data_Ingestion class
[ 2025-10-07 13:35:42,103 ] 72 root - INFO - Exporting train and test file path.
[ 2025-10-07 13:35:42,489 ] 79 root - INFO - Exported train and test file path.
[ 2025-10-07 13:35:42,505 ] 24 root - INFO - Data Initiation Completed
[ 2025-10-07 13:35:42,505 ] 28 root - INFO - Initiate the data Validation
[ 2025-10-07 13:35:42,505 ] 96 root - INFO - --- Starting Data Validation ---
[ 2025-10-07 13:35:42,682 ] 104 root - INFO - Validating number of columns...
[ 2025-10-07 13:35:42,682 ] 51 root - INFO - Schema requires 17 columns.
[ 2025-10-07 13:35:42,682 ] 52 root - INFO - DataFrame has 17 columns.
[ 2025-10-07 13:35:42,682 ] 51 root - INFO - Schema requires 17 columns.
[ 2025-10-07 13:35:42,682 ] 52 root - INFO - DataFrame has 17 columns.
[ 2025-10-07 13:35:42,682 ] 64 root - INFO - Starting dataset drift detection...
[ 2025-10-07 13:35:42,744 ] 87 root - INFO - Drift detection complete. Report saved to: Artifacts\10_07_2025_13_35_22\data_validation\drift_report\report.yaml
[ 2025-10-07 13:35:42,744 ] 114 root - INFO - No significant data drift detected between train and test sets.
[ 2025-10-07 13:35:43,145 ] 132 root - INFO - Data validation artifact: DataValidationArtifact(validation_status=True, valid_train_file_path='Artifacts\\10_07_2025_13_35_22\\data_validation\\validated\\train.csv', valid_test_file_path='Artifacts\\10_07_2025_13_35_22\\data_validation\\validated\\test.csv', invalid_train_file_path=None, invalid_test_file_path=None, drift_report_file_path='Artifacts\\10_07_2025_13_35_22\\data_validation\\drift_report\\report.yaml')
[ 2025-10-07 13:35:43,145 ] 133 root - INFO - --- Data Validation Completed ---
[ 2025-10-07 13:35:43,146 ] 30 root - INFO - data Validation Completed
[ 2025-10-07 13:35:43,147 ] 33 root - INFO - data Transformation started
[ 2025-10-07 13:35:43,147 ] 105 root - INFO - Entered initiate_data_transformation method of DataTransformation class
[ 2025-10-07 13:35:43,297 ] 45 root - INFO - Applying noise filters to sensor data...
[ 2025-10-07 13:35:43,297 ] 45 root - INFO - Applying noise filters to sensor data...
[ 2025-10-07 13:35:43,297 ] 71 root - INFO - Entered get_data_transformer_object method of DataTransformation class
[ 2025-10-07 13:35:43,297 ] 91 root - INFO - Categorical columns: ['location_id', 'seismic_zone']
[ 2025-10-07 13:35:43,297 ] 92 root - INFO - Numerical columns: ['3d_surface_coord_x', '3d_surface_coord_y', '3d_surface_coord_z', 'pore_pressure_kpa', 'subsurface_displacement_mm', 'precipitation_rate_mm_hr', 'ground_acceleration_g', 'realtime_water_table_m', 'cumulative_precip_72hr', 'cumulative_precip_168hr', 'ucs_mpa', 'pga_g', 'initial_water_table_m']
[ 2025-10-07 13:35:43,313 ] 129 root - INFO - Applying preprocessing object on training and testing dataframes.
[ 2025-10-07 13:35:43,441 ] 46 root - INFO - Entered the save_object method of MainUtils class
[ 2025-10-07 13:35:43,441 ] 50 root - INFO - Exited the save_object method of MainUtils class
[ 2025-10-07 13:35:43,441 ] 46 root - INFO - Entered the save_object method of MainUtils class
[ 2025-10-07 13:35:43,441 ] 50 root - INFO - Exited the save_object method of MainUtils class
[ 2025-10-07 13:35:43,441 ] 152 root - INFO - Data transformation artifact: DataTransformationArtifact(transformed_object_file_path='Artifacts\\10_07_2025_13_35_22\\data_transformation\\transformed_object\\preprocessing.pkl', transformed_train_file_path='Artifacts\\10_07_2025_13_35_22\\data_transformation\\transformed\\train.npy', transformed_test_file_path='Artifacts\\10_07_2025_13_35_22\\data_transformation\\transformed\\test.npy')
[ 2025-10-07 13:35:43,441 ] 37 root - INFO - data Transformation completed
[ 2025-10-07 13:35:43,441 ] 39 root - INFO - Model Training sstared
[ 2025-10-07 13:35:43,488 ] 70 root - INFO - Class distribution in y_train: {np.float64(0.0): np.int64(13816), np.float64(1.0): np.int64(8)}
[ 2025-10-07 13:35:43,562 ] 78 root - INFO - Number of overlapping rows between train and test: 0
[ 2025-10-07 13:36:13,253 ] 46 root - INFO - Entered the save_object method of MainUtils class
[ 2025-10-07 13:36:13,289 ] 50 root - INFO - Exited the save_object method of MainUtils class
[ 2025-10-07 13:36:13,289 ] 46 root - INFO - Entered the save_object method of MainUtils class
[ 2025-10-07 13:36:13,313 ] 50 root - INFO - Exited the save_object method of MainUtils class
[ 2025-10-07 13:36:13,313 ] 313 root - INFO - Model trainer artifact: ModelTrainerArtifact(trained_model_file_path='Artifacts\\10_07_2025_13_35_22\\model_trainer\\trained_model\\model.pkl', train_metric_artifact=ClassificationMetricArtifact(f1_score=0.9705701396768761, precision_score=0.9444444444444444, recall_score=0.999963810075275), test_metric_artifact=ClassificationMetricArtifact(f1_score=1.0, precision_score=1.0, recall_score=1.0))
[ 2025-10-07 13:36:13,329 ] 44 root - INFO - Model Training artifact created
