[ 2025-10-07 14:47:04,786 ] 22 root - INFO - Initiate the data ingestion
[ 2025-10-07 14:47:23,551 ] 103 root - INFO - Used time-based split for train/test.
[ 2025-10-07 14:47:23,551 ] 104 root - INFO - Performed train test split on the dataframe
[ 2025-10-07 14:47:23,561 ] 105 root - INFO - Exited split_data_as_train_test method of Data_Ingestion class
[ 2025-10-07 14:47:23,562 ] 108 root - INFO - Exporting train and test file path.
[ 2025-10-07 14:47:24,103 ] 115 root - INFO - Exported train and test file path.
[ 2025-10-07 14:47:24,115 ] 24 root - INFO - Data Initiation Completed
[ 2025-10-07 14:47:24,120 ] 28 root - INFO - Initiate the data Validation
[ 2025-10-07 14:47:24,120 ] 96 root - INFO - --- Starting Data Validation ---
[ 2025-10-07 14:47:24,313 ] 104 root - INFO - Validating number of columns...
[ 2025-10-07 14:47:24,315 ] 51 root - INFO - Schema requires 17 columns.
[ 2025-10-07 14:47:24,315 ] 52 root - INFO - DataFrame has 17 columns.
[ 2025-10-07 14:47:24,315 ] 51 root - INFO - Schema requires 17 columns.
[ 2025-10-07 14:47:24,315 ] 52 root - INFO - DataFrame has 17 columns.
[ 2025-10-07 14:47:24,315 ] 64 root - INFO - Starting dataset drift detection...
[ 2025-10-07 14:47:24,423 ] 87 root - INFO - Drift detection complete. Report saved to: Artifacts\10_07_2025_14_47_00\data_validation\drift_report\report.yaml
[ 2025-10-07 14:47:24,423 ] 116 root - WARNING - Data drift detected! Check the drift report for details.
[ 2025-10-07 14:47:24,885 ] 132 root - INFO - Data validation artifact: DataValidationArtifact(validation_status=False, valid_train_file_path='Artifacts\\10_07_2025_14_47_00\\data_validation\\validated\\train.csv', valid_test_file_path='Artifacts\\10_07_2025_14_47_00\\data_validation\\validated\\test.csv', invalid_train_file_path=None, invalid_test_file_path=None, drift_report_file_path='Artifacts\\10_07_2025_14_47_00\\data_validation\\drift_report\\report.yaml')
[ 2025-10-07 14:47:24,885 ] 133 root - INFO - --- Data Validation Completed ---
[ 2025-10-07 14:47:24,885 ] 30 root - INFO - data Validation Completed
[ 2025-10-07 14:47:24,885 ] 33 root - INFO - data Transformation started
[ 2025-10-07 14:47:24,885 ] 105 root - INFO - Entered initiate_data_transformation method of DataTransformation class
[ 2025-10-07 14:47:25,037 ] 45 root - INFO - Applying noise filters to sensor data...
[ 2025-10-07 14:47:25,069 ] 45 root - INFO - Applying noise filters to sensor data...
[ 2025-10-07 14:47:25,069 ] 71 root - INFO - Entered get_data_transformer_object method of DataTransformation class
[ 2025-10-07 14:47:25,069 ] 91 root - INFO - Categorical columns: ['location_id', 'seismic_zone']
[ 2025-10-07 14:47:25,069 ] 92 root - INFO - Numerical columns: ['3d_surface_coord_x', '3d_surface_coord_y', '3d_surface_coord_z', 'pore_pressure_kpa', 'subsurface_displacement_mm', 'precipitation_rate_mm_hr', 'ground_acceleration_g', 'realtime_water_table_m', 'cumulative_precip_72hr', 'cumulative_precip_168hr', 'ucs_mpa', 'pga_g', 'initial_water_table_m']
[ 2025-10-07 14:47:25,069 ] 129 root - INFO - Applying preprocessing object on training and testing dataframes.
[ 2025-10-07 14:47:25,196 ] 46 root - INFO - Entered the save_object method of MainUtils class
[ 2025-10-07 14:47:25,196 ] 50 root - INFO - Exited the save_object method of MainUtils class
[ 2025-10-07 14:47:25,196 ] 46 root - INFO - Entered the save_object method of MainUtils class
[ 2025-10-07 14:47:25,196 ] 50 root - INFO - Exited the save_object method of MainUtils class
[ 2025-10-07 14:47:25,196 ] 152 root - INFO - Data transformation artifact: DataTransformationArtifact(transformed_object_file_path='Artifacts\\10_07_2025_14_47_00\\data_transformation\\transformed_object\\preprocessing.pkl', transformed_train_file_path='Artifacts\\10_07_2025_14_47_00\\data_transformation\\transformed\\train.npy', transformed_test_file_path='Artifacts\\10_07_2025_14_47_00\\data_transformation\\transformed\\test.npy')
[ 2025-10-07 14:47:25,212 ] 37 root - INFO - data Transformation completed
[ 2025-10-07 14:47:25,212 ] 39 root - INFO - Model Training sstared
[ 2025-10-07 14:47:25,251 ] 81 root - INFO - Class distribution in y_train: {np.float64(0.0): np.int64(13817), np.float64(1.0): np.int64(7)}
[ 2025-10-07 14:47:25,324 ] 89 root - INFO - Number of overlapping rows between train and test: 0
[ 2025-10-07 15:53:08,201 ] 46 root - INFO - Entered the save_object method of MainUtils class
[ 2025-10-07 15:53:08,207 ] 50 root - INFO - Exited the save_object method of MainUtils class
[ 2025-10-07 15:53:08,207 ] 46 root - INFO - Entered the save_object method of MainUtils class
[ 2025-10-07 15:53:08,224 ] 50 root - INFO - Exited the save_object method of MainUtils class
[ 2025-10-07 15:53:08,224 ] 510 root - INFO - Model trainer artifact: ModelTrainerArtifact(trained_model_file_path='Artifacts\\10_07_2025_14_47_00\\model_trainer\\trained_model\\model.pkl', train_metric_artifact=ClassificationMetricArtifact(f1_score=0.5029859497917669, precision_score=0.5029054449648712, recall_score=0.5656747898551474), test_metric_artifact=ClassificationMetricArtifact(f1_score=0.49978289188015634, precision_score=0.4998552403011002, recall_score=0.49971056439942113))
[ 2025-10-07 15:53:08,226 ] 44 root - INFO - Model Training artifact created
