[ 2025-10-06 10:39:23,047 ] 20 root - INFO - Initiate the data ingestion
[ 2025-10-06 10:44:35,486 ] 67 root - INFO - Performed train test split on the dataframe
[ 2025-10-06 10:44:35,486 ] 68 root - INFO - Exited split_data_as_train_test method of Data_Ingestion class
[ 2025-10-06 10:44:35,486 ] 71 root - INFO - Exporting train and test file path.
[ 2025-10-06 10:44:35,654 ] 78 root - INFO - Exported train and test file path.
[ 2025-10-06 10:44:35,658 ] 22 root - INFO - Data Initiation Completed
[ 2025-10-06 10:44:35,662 ] 26 root - INFO - Initiate the data Validation
[ 2025-10-06 10:44:35,662 ] 96 root - INFO - --- Starting Data Validation ---
[ 2025-10-06 10:44:35,801 ] 104 root - INFO - Validating number of columns...
[ 2025-10-06 10:44:35,801 ] 51 root - INFO - Schema requires 17 columns.
[ 2025-10-06 10:44:35,801 ] 52 root - INFO - DataFrame has 17 columns.
[ 2025-10-06 10:44:35,801 ] 51 root - INFO - Schema requires 17 columns.
[ 2025-10-06 10:44:35,801 ] 52 root - INFO - DataFrame has 17 columns.
[ 2025-10-06 10:44:35,801 ] 64 root - INFO - Starting dataset drift detection...
[ 2025-10-06 10:44:35,868 ] 87 root - INFO - Drift detection complete. Report saved to: Artifacts\10_06_2025_10_39_20\data_validation\drift_report\report.yaml
[ 2025-10-06 10:44:35,868 ] 116 root - WARNING - Data drift detected! Check the drift report for details.
[ 2025-10-06 10:44:36,043 ] 132 root - INFO - Data validation artifact: DataValidationArtifact(validation_status=False, valid_train_file_path='Artifacts\\10_06_2025_10_39_20\\data_validation\\validated\\train.csv', valid_test_file_path='Artifacts\\10_06_2025_10_39_20\\data_validation\\validated\\test.csv', invalid_train_file_path=None, invalid_test_file_path=None, drift_report_file_path='Artifacts\\10_06_2025_10_39_20\\data_validation\\drift_report\\report.yaml')
[ 2025-10-06 10:44:36,043 ] 133 root - INFO - --- Data Validation Completed ---
[ 2025-10-06 10:44:36,044 ] 28 root - INFO - data Validation Completed
[ 2025-10-06 10:44:36,044 ] 31 root - INFO - data Transformation started
[ 2025-10-06 10:44:36,044 ] 105 root - INFO - Entered initiate_data_transformation method of DataTransformation class
[ 2025-10-06 10:44:36,189 ] 45 root - INFO - Applying noise filters to sensor data...
[ 2025-10-06 10:44:36,197 ] 45 root - INFO - Applying noise filters to sensor data...
[ 2025-10-06 10:44:36,198 ] 71 root - INFO - Entered get_data_transformer_object method of DataTransformation class
[ 2025-10-06 10:44:36,198 ] 91 root - INFO - Categorical columns: ['location_id', 'seismic_zone']
[ 2025-10-06 10:44:36,199 ] 92 root - INFO - Numerical columns: ['3d_surface_coord_x', '3d_surface_coord_y', '3d_surface_coord_z', 'pore_pressure_kpa', 'subsurface_displacement_mm', 'precipitation_rate_mm_hr', 'ground_acceleration_g', 'realtime_water_table_m', 'cumulative_precip_72hr', 'cumulative_precip_168hr', 'ucs_mpa', 'pga_g', 'initial_water_table_m']
[ 2025-10-06 10:44:36,200 ] 129 root - INFO - Applying preprocessing object on training and testing dataframes.
[ 2025-10-06 10:44:36,271 ] 46 root - INFO - Entered the save_object method of MainUtils class
[ 2025-10-06 10:44:36,271 ] 50 root - INFO - Exited the save_object method of MainUtils class
[ 2025-10-06 10:44:36,271 ] 46 root - INFO - Entered the save_object method of MainUtils class
[ 2025-10-06 10:44:36,278 ] 50 root - INFO - Exited the save_object method of MainUtils class
[ 2025-10-06 10:44:36,278 ] 152 root - INFO - Data transformation artifact: DataTransformationArtifact(transformed_object_file_path='Artifacts\\10_06_2025_10_39_20\\data_transformation\\transformed_object\\preprocessing.pkl', transformed_train_file_path='Artifacts\\10_06_2025_10_39_20\\data_transformation\\transformed\\train.npy', transformed_test_file_path='Artifacts\\10_06_2025_10_39_20\\data_transformation\\transformed\\test.npy')
[ 2025-10-06 10:44:36,280 ] 35 root - INFO - data Transformation completed
[ 2025-10-06 10:44:36,280 ] 37 root - INFO - Model Training sstared
[ 2025-10-06 10:44:36,311 ] 51 root - INFO - Class distribution in y_train: {np.float64(0.0): np.int64(13817), np.float64(1.0): np.int64(7)}
[ 2025-10-06 10:44:36,354 ] 56 root - INFO - Number of overlapping rows between train and test: 0
[ 2025-10-06 10:45:10,000 ] 46 root - INFO - Entered the save_object method of MainUtils class
[ 2025-10-06 10:45:10,002 ] 50 root - INFO - Exited the save_object method of MainUtils class
[ 2025-10-06 10:45:10,002 ] 46 root - INFO - Entered the save_object method of MainUtils class
[ 2025-10-06 10:45:10,005 ] 50 root - INFO - Exited the save_object method of MainUtils class
[ 2025-10-06 10:45:10,006 ] 108 root - INFO - Model trainer artifact: ModelTrainerArtifact(trained_model_file_path='Artifacts\\10_06_2025_10_39_20\\model_trainer\\trained_model\\model.pkl', train_metric_artifact=ClassificationMetricArtifact(f1_score=0.0, precision_score=0.0, recall_score=0.0), test_metric_artifact=ClassificationMetricArtifact(f1_score=0.0, precision_score=0.0, recall_score=0.0))
[ 2025-10-06 10:45:10,007 ] 42 root - INFO - Model Training artifact created
