[ 2025-10-06 11:33:47,107 ] 20 root - INFO - Initiate the data ingestion
[ 2025-10-06 11:36:10,374 ] 67 root - INFO - Performed train test split on the dataframe
[ 2025-10-06 11:36:10,374 ] 68 root - INFO - Exited split_data_as_train_test method of Data_Ingestion class
[ 2025-10-06 11:36:10,374 ] 71 root - INFO - Exporting train and test file path.
[ 2025-10-06 11:36:10,553 ] 78 root - INFO - Exported train and test file path.
[ 2025-10-06 11:36:10,559 ] 22 root - INFO - Data Initiation Completed
[ 2025-10-06 11:36:10,564 ] 26 root - INFO - Initiate the data Validation
[ 2025-10-06 11:36:10,565 ] 96 root - INFO - --- Starting Data Validation ---
[ 2025-10-06 11:36:10,667 ] 104 root - INFO - Validating number of columns...
[ 2025-10-06 11:36:10,667 ] 51 root - INFO - Schema requires 17 columns.
[ 2025-10-06 11:36:10,667 ] 52 root - INFO - DataFrame has 17 columns.
[ 2025-10-06 11:36:10,667 ] 51 root - INFO - Schema requires 17 columns.
[ 2025-10-06 11:36:10,667 ] 52 root - INFO - DataFrame has 17 columns.
[ 2025-10-06 11:36:10,667 ] 64 root - INFO - Starting dataset drift detection...
[ 2025-10-06 11:36:10,698 ] 87 root - INFO - Drift detection complete. Report saved to: Artifacts\10_06_2025_11_33_42\data_validation\drift_report\report.yaml
[ 2025-10-06 11:36:10,698 ] 114 root - INFO - No significant data drift detected between train and test sets.
[ 2025-10-06 11:36:10,866 ] 132 root - INFO - Data validation artifact: DataValidationArtifact(validation_status=True, valid_train_file_path='Artifacts\\10_06_2025_11_33_42\\data_validation\\validated\\train.csv', valid_test_file_path='Artifacts\\10_06_2025_11_33_42\\data_validation\\validated\\test.csv', invalid_train_file_path=None, invalid_test_file_path=None, drift_report_file_path='Artifacts\\10_06_2025_11_33_42\\data_validation\\drift_report\\report.yaml')
[ 2025-10-06 11:36:10,866 ] 133 root - INFO - --- Data Validation Completed ---
[ 2025-10-06 11:36:10,866 ] 28 root - INFO - data Validation Completed
[ 2025-10-06 11:36:10,866 ] 31 root - INFO - data Transformation started
[ 2025-10-06 11:36:10,866 ] 105 root - INFO - Entered initiate_data_transformation method of DataTransformation class
[ 2025-10-06 11:36:11,011 ] 45 root - INFO - Applying noise filters to sensor data...
[ 2025-10-06 11:36:11,019 ] 45 root - INFO - Applying noise filters to sensor data...
[ 2025-10-06 11:36:11,019 ] 71 root - INFO - Entered get_data_transformer_object method of DataTransformation class
[ 2025-10-06 11:36:11,019 ] 91 root - INFO - Categorical columns: ['location_id', 'seismic_zone']
[ 2025-10-06 11:36:11,019 ] 92 root - INFO - Numerical columns: ['3d_surface_coord_x', '3d_surface_coord_y', '3d_surface_coord_z', 'pore_pressure_kpa', 'subsurface_displacement_mm', 'precipitation_rate_mm_hr', 'ground_acceleration_g', 'realtime_water_table_m', 'cumulative_precip_72hr', 'cumulative_precip_168hr', 'ucs_mpa', 'pga_g', 'initial_water_table_m']
[ 2025-10-06 11:36:11,019 ] 129 root - INFO - Applying preprocessing object on training and testing dataframes.
[ 2025-10-06 11:36:11,079 ] 46 root - INFO - Entered the save_object method of MainUtils class
[ 2025-10-06 11:36:11,079 ] 50 root - INFO - Exited the save_object method of MainUtils class
[ 2025-10-06 11:36:11,079 ] 46 root - INFO - Entered the save_object method of MainUtils class
[ 2025-10-06 11:36:11,079 ] 50 root - INFO - Exited the save_object method of MainUtils class
[ 2025-10-06 11:36:11,079 ] 152 root - INFO - Data transformation artifact: DataTransformationArtifact(transformed_object_file_path='Artifacts\\10_06_2025_11_33_42\\data_transformation\\transformed_object\\preprocessing.pkl', transformed_train_file_path='Artifacts\\10_06_2025_11_33_42\\data_transformation\\transformed\\train.npy', transformed_test_file_path='Artifacts\\10_06_2025_11_33_42\\data_transformation\\transformed\\test.npy')
[ 2025-10-06 11:36:11,079 ] 35 root - INFO - data Transformation completed
[ 2025-10-06 11:36:11,079 ] 37 root - INFO - Model Training sstared
[ 2025-10-06 11:36:11,121 ] 51 root - INFO - Class distribution in y_train: {np.float64(0.0): np.int64(13819), np.float64(1.0): np.int64(5)}
[ 2025-10-06 11:36:11,156 ] 56 root - INFO - Number of overlapping rows between train and test: 0
[ 2025-10-06 11:36:33,251 ] 46 root - INFO - Entered the save_object method of MainUtils class
[ 2025-10-06 11:36:33,253 ] 50 root - INFO - Exited the save_object method of MainUtils class
[ 2025-10-06 11:36:33,253 ] 46 root - INFO - Entered the save_object method of MainUtils class
[ 2025-10-06 11:36:33,254 ] 50 root - INFO - Exited the save_object method of MainUtils class
[ 2025-10-06 11:36:33,254 ] 108 root - INFO - Model trainer artifact: ModelTrainerArtifact(trained_model_file_path='Artifacts\\10_06_2025_11_33_42\\model_trainer\\trained_model\\model.pkl', train_metric_artifact=ClassificationMetricArtifact(f1_score=0.0, precision_score=0.0, recall_score=0.0), test_metric_artifact=ClassificationMetricArtifact(f1_score=0.0, precision_score=0.0, recall_score=0.0))
[ 2025-10-06 11:36:33,255 ] 42 root - INFO - Model Training artifact created
