[ 2025-10-07 19:36:42,772 ] 22 root - INFO - Initiate the data ingestion
[ 2025-10-07 19:36:48,688 ] 132 root - INFO - Used time-based split for train/test.
[ 2025-10-07 19:36:48,690 ] 133 root - INFO - Performed train test split on the dataframe
[ 2025-10-07 19:36:48,690 ] 134 root - INFO - Exited split_data_as_train_test method of Data_Ingestion class
[ 2025-10-07 19:36:48,692 ] 137 root - INFO - Exporting train and test file path.
[ 2025-10-07 19:36:49,526 ] 144 root - INFO - Exported train and test file path.
[ 2025-10-07 19:36:49,538 ] 24 root - INFO - Data Initiation Completed
[ 2025-10-07 19:36:49,551 ] 28 root - INFO - Initiate the data Validation
[ 2025-10-07 19:36:49,553 ] 110 root - INFO - --- Starting Data Validation ---
[ 2025-10-07 19:36:49,727 ] 118 root - INFO - Validating number of columns...
[ 2025-10-07 19:36:49,728 ] 51 root - INFO - Schema requires 17 columns.
[ 2025-10-07 19:36:49,728 ] 52 root - INFO - DataFrame has 17 columns.
[ 2025-10-07 19:36:49,728 ] 51 root - INFO - Schema requires 17 columns.
[ 2025-10-07 19:36:49,728 ] 52 root - INFO - DataFrame has 17 columns.
[ 2025-10-07 19:36:49,728 ] 64 root - INFO - Starting dataset drift detection...
[ 2025-10-07 19:36:49,810 ] 101 root - INFO - Drift detection complete. Report saved to: Artifacts\10_07_2025_19_36_34\data_validation\drift_report\report.yaml
[ 2025-10-07 19:36:49,810 ] 130 root - WARNING - Data drift detected! Check the drift report for details.
[ 2025-10-07 19:36:50,670 ] 146 root - INFO - Data validation artifact: DataValidationArtifact(validation_status=False, valid_train_file_path='Artifacts\\10_07_2025_19_36_34\\data_validation\\validated\\train.csv', valid_test_file_path='Artifacts\\10_07_2025_19_36_34\\data_validation\\validated\\test.csv', invalid_train_file_path=None, invalid_test_file_path=None, drift_report_file_path='Artifacts\\10_07_2025_19_36_34\\data_validation\\drift_report\\report.yaml')
[ 2025-10-07 19:36:50,671 ] 147 root - INFO - --- Data Validation Completed ---
[ 2025-10-07 19:36:50,672 ] 30 root - INFO - data Validation Completed
[ 2025-10-07 19:36:50,675 ] 33 root - INFO - data Transformation started
[ 2025-10-07 19:36:50,676 ] 164 root - INFO - Entered initiate_data_transformation method of DataTransformation class
[ 2025-10-07 19:36:51,721 ] 45 root - INFO - Applying noise filters to sensor data...
[ 2025-10-07 19:36:51,734 ] 45 root - INFO - Applying noise filters to sensor data...
[ 2025-10-07 19:36:51,748 ] 122 root - INFO - Entered get_data_transformer_object method of DataTransformation class
[ 2025-10-07 19:36:51,751 ] 150 root - INFO - Categorical columns: ['location_id', 'seismic_zone']
[ 2025-10-07 19:36:51,752 ] 151 root - INFO - Numerical columns: ['3d_surface_coord_x', '3d_surface_coord_y', '3d_surface_coord_z', 'pore_pressure_kpa', 'subsurface_displacement_mm', 'precipitation_rate_mm_hr', 'ground_acceleration_g', 'realtime_water_table_m', 'cumulative_precip_72hr', 'cumulative_precip_168hr', 'ucs_mpa', 'pga_g', 'initial_water_table_m', 'realtime_minus_initial_water', 'disp_velocity', 'disp_acceleration', 'precipitation_rate_roll6', 'precipitation_rate_roll24', 'pore_pressure_roll6', 'pore_pressure_roll24', 'subsurface_displacement_roll6', 'subsurface_displacement_roll24', 'ground_acceleration_roll6', 'ground_acceleration_roll24']
[ 2025-10-07 19:36:51,764 ] 191 root - INFO - Applying preprocessing object on training and testing dataframes.
[ 2025-10-07 19:36:51,996 ] 46 root - INFO - Entered the save_object method of MainUtils class
[ 2025-10-07 19:36:51,999 ] 50 root - INFO - Exited the save_object method of MainUtils class
[ 2025-10-07 19:36:52,000 ] 46 root - INFO - Entered the save_object method of MainUtils class
[ 2025-10-07 19:36:52,003 ] 50 root - INFO - Exited the save_object method of MainUtils class
[ 2025-10-07 19:36:52,003 ] 214 root - INFO - Data transformation artifact: DataTransformationArtifact(transformed_object_file_path='Artifacts\\10_07_2025_19_36_34\\data_transformation\\transformed_object\\preprocessing.pkl', transformed_train_file_path='Artifacts\\10_07_2025_19_36_34\\data_transformation\\transformed\\train.npy', transformed_test_file_path='Artifacts\\10_07_2025_19_36_34\\data_transformation\\transformed\\test.npy')
[ 2025-10-07 19:36:52,010 ] 37 root - INFO - data Transformation completed
[ 2025-10-07 19:36:52,010 ] 39 root - INFO - Model Training sstared
[ 2025-10-07 19:36:52,060 ] 104 root - INFO - Class distribution in y_train: {np.float64(0.0): np.int64(11227), np.float64(1.0): np.int64(5)}
[ 2025-10-07 19:36:52,174 ] 112 root - INFO - Number of overlapping rows between train and test: 0
[ 2025-10-07 19:38:19,077 ] 494 root - ERROR - XGBoost training failed: Error occured in python script name [C:\Users\dsgau\RockFall-Predictor\rockfallsecurity\utils\ml_utils\metric\classification_metric.py] line number [8] error message [Found input variables with inconsistent numbers of samples: [6048, 6070]]
[ 2025-10-07 19:38:32,032 ] 46 root - INFO - Entered the save_object method of MainUtils class
[ 2025-10-07 19:38:32,040 ] 50 root - INFO - Exited the save_object method of MainUtils class
[ 2025-10-07 19:38:32,040 ] 46 root - INFO - Entered the save_object method of MainUtils class
[ 2025-10-07 19:38:32,048 ] 50 root - INFO - Exited the save_object method of MainUtils class
[ 2025-10-07 19:38:32,049 ] 634 root - INFO - Model trainer artifact: ModelTrainerArtifact(trained_model_file_path='Artifacts\\10_07_2025_19_36_34\\model_trainer\\trained_model\\model.pkl', train_metric_artifact=ClassificationMetricArtifact(f1_score=0.5524557555974907, precision_score=0.5293223272673706, recall_score=0.7978622962501114), test_metric_artifact=ClassificationMetricArtifact(f1_score=0.5542336784901226, precision_score=0.5320096790218419, recall_score=0.6976092333058532))
[ 2025-10-07 19:38:32,052 ] 44 root - INFO - Model Training artifact created
