[ 2025-10-07 16:12:38,516 ] 22 root - INFO - Initiate the data ingestion
[ 2025-10-07 16:12:52,990 ] 132 root - INFO - Used time-based split for train/test.
[ 2025-10-07 16:12:52,991 ] 133 root - INFO - Performed train test split on the dataframe
[ 2025-10-07 16:12:52,991 ] 134 root - INFO - Exited split_data_as_train_test method of Data_Ingestion class
[ 2025-10-07 16:12:52,995 ] 137 root - INFO - Exporting train and test file path.
[ 2025-10-07 16:12:53,633 ] 144 root - INFO - Exported train and test file path.
[ 2025-10-07 16:12:53,646 ] 24 root - INFO - Data Initiation Completed
[ 2025-10-07 16:12:53,692 ] 28 root - INFO - Initiate the data Validation
[ 2025-10-07 16:12:53,692 ] 110 root - INFO - --- Starting Data Validation ---
[ 2025-10-07 16:12:53,907 ] 118 root - INFO - Validating number of columns...
[ 2025-10-07 16:12:53,908 ] 51 root - INFO - Schema requires 17 columns.
[ 2025-10-07 16:12:53,908 ] 52 root - INFO - DataFrame has 17 columns.
[ 2025-10-07 16:12:53,910 ] 51 root - INFO - Schema requires 17 columns.
[ 2025-10-07 16:12:53,910 ] 52 root - INFO - DataFrame has 17 columns.
[ 2025-10-07 16:12:53,913 ] 64 root - INFO - Starting dataset drift detection...
[ 2025-10-07 16:12:54,046 ] 101 root - INFO - Drift detection complete. Report saved to: Artifacts\10_07_2025_16_12_12\data_validation\drift_report\report.yaml
[ 2025-10-07 16:12:54,046 ] 130 root - WARNING - Data drift detected! Check the drift report for details.
[ 2025-10-07 16:12:54,644 ] 146 root - INFO - Data validation artifact: DataValidationArtifact(validation_status=False, valid_train_file_path='Artifacts\\10_07_2025_16_12_12\\data_validation\\validated\\train.csv', valid_test_file_path='Artifacts\\10_07_2025_16_12_12\\data_validation\\validated\\test.csv', invalid_train_file_path=None, invalid_test_file_path=None, drift_report_file_path='Artifacts\\10_07_2025_16_12_12\\data_validation\\drift_report\\report.yaml')
[ 2025-10-07 16:12:54,645 ] 147 root - INFO - --- Data Validation Completed ---
[ 2025-10-07 16:12:54,645 ] 30 root - INFO - data Validation Completed
[ 2025-10-07 16:12:54,646 ] 33 root - INFO - data Transformation started
[ 2025-10-07 16:12:54,646 ] 157 root - INFO - Entered initiate_data_transformation method of DataTransformation class
[ 2025-10-07 16:12:55,064 ] 45 root - INFO - Applying noise filters to sensor data...
[ 2025-10-07 16:12:55,083 ] 45 root - INFO - Applying noise filters to sensor data...
[ 2025-10-07 16:12:55,097 ] 115 root - INFO - Entered get_data_transformer_object method of DataTransformation class
[ 2025-10-07 16:12:55,097 ] 143 root - INFO - Categorical columns: ['location_id', 'seismic_zone']
[ 2025-10-07 16:12:55,097 ] 144 root - INFO - Numerical columns: ['3d_surface_coord_x', '3d_surface_coord_y', '3d_surface_coord_z', 'pore_pressure_kpa', 'subsurface_displacement_mm', 'precipitation_rate_mm_hr', 'ground_acceleration_g', 'realtime_water_table_m', 'cumulative_precip_72hr', 'cumulative_precip_168hr', 'ucs_mpa', 'pga_g', 'initial_water_table_m', 'realtime_minus_initial_water', 'disp_velocity', 'disp_acceleration', 'precipitation_rate_roll6', 'precipitation_rate_roll24', 'pore_pressure_roll6', 'pore_pressure_roll24', 'subsurface_displacement_roll6', 'subsurface_displacement_roll24', 'ground_acceleration_roll6', 'ground_acceleration_roll24']
[ 2025-10-07 16:12:55,104 ] 184 root - INFO - Applying preprocessing object on training and testing dataframes.
[ 2025-10-07 16:12:55,353 ] 46 root - INFO - Entered the save_object method of MainUtils class
[ 2025-10-07 16:12:55,359 ] 50 root - INFO - Exited the save_object method of MainUtils class
[ 2025-10-07 16:12:55,361 ] 46 root - INFO - Entered the save_object method of MainUtils class
[ 2025-10-07 16:12:55,364 ] 50 root - INFO - Exited the save_object method of MainUtils class
[ 2025-10-07 16:12:55,365 ] 207 root - INFO - Data transformation artifact: DataTransformationArtifact(transformed_object_file_path='Artifacts\\10_07_2025_16_12_12\\data_transformation\\transformed_object\\preprocessing.pkl', transformed_train_file_path='Artifacts\\10_07_2025_16_12_12\\data_transformation\\transformed\\train.npy', transformed_test_file_path='Artifacts\\10_07_2025_16_12_12\\data_transformation\\transformed\\test.npy')
[ 2025-10-07 16:12:55,373 ] 37 root - INFO - data Transformation completed
[ 2025-10-07 16:12:55,373 ] 39 root - INFO - Model Training sstared
[ 2025-10-07 16:12:55,426 ] 96 root - INFO - Class distribution in y_train: {np.float64(0.0): np.int64(11227), np.float64(1.0): np.int64(5)}
[ 2025-10-07 16:12:55,549 ] 104 root - INFO - Number of overlapping rows between train and test: 0
[ 2025-10-07 16:15:05,382 ] 46 root - INFO - Entered the save_object method of MainUtils class
[ 2025-10-07 16:15:05,410 ] 50 root - INFO - Exited the save_object method of MainUtils class
[ 2025-10-07 16:15:05,411 ] 46 root - INFO - Entered the save_object method of MainUtils class
[ 2025-10-07 16:15:05,437 ] 50 root - INFO - Exited the save_object method of MainUtils class
[ 2025-10-07 16:15:05,437 ] 587 root - INFO - Model trainer artifact: ModelTrainerArtifact(trained_model_file_path='Artifacts\\10_07_2025_16_12_12\\model_trainer\\trained_model\\model.pkl', train_metric_artifact=ClassificationMetricArtifact(f1_score=0.8999554645052107, precision_score=0.8999554645052107, recall_score=0.8999554645052107), test_metric_artifact=ClassificationMetricArtifact(f1_score=0.8999586469274667, precision_score=0.9999173006946742, recall_score=0.8333333333333333))
[ 2025-10-07 16:15:05,441 ] 44 root - INFO - Model Training artifact created
